<?xml version="1.0" encoding="UTF-8"?>
<!-- Generated by org.testng.reporters.JUnitXMLReporter -->
<testsuite hostname="novak-ThinkPad-T420" name="final" tests="7" failures="0" timestamp="10 May 2016 13:38:47 GMT" time="0.023" errors="0">
  <testcase name="" time="0.001" classname="vezbe12.group.TestPostgres"/>
  <testcase name="" time="0.001" classname="vezbe12.group.TestPostgres"/>
  <testcase name="runPostgres" time="0.001" classname="vezbe12.group.TestGroup"/>
  <testcase name="runPostgres1" time="0.001" classname="vezbe12.group.TestGroup"/>
  <testcase name="testConnectMySQL" time="0.001" classname="vezbe12.group.TestGroup"/>
  <testcase name="testConnectOracle" time="0.001" classname="vezbe12.group.TestGroup"/>
  <testcase name="runFinal" time="0.001" classname="vezbe12.group.TestGroup"/>
</testsuite> <!-- final -->
