<?xml version="1.0" encoding="UTF-8"?>
<testng-results skipped="0" failed="0" total="10" passed="10">
  <reporter-output>
  </reporter-output>
  <suite name="Default suite" duration-ms="44" started-at="2022-03-09T15:50:58Z" finished-at="2022-03-09T15:50:58Z">
    <groups>
    </groups>
    <test name="Default test" duration-ms="44" started-at="2022-03-09T15:50:58Z" finished-at="2022-03-09T15:50:58Z">
      <class name="unittesting.parcijalni.Zadatak2">
        <test-method status="PASS" signature="setUp()[pri:0, instance:unittesting.parcijalni.Zadatak2@50c87b21]" name="setUp" is-config="true" duration-ms="12" started-at="2022-03-09T16:50:58Z" finished-at="2022-03-09T16:50:58Z">
          <reporter-output>
          </reporter-output>
        </test-method> <!-- setUp -->
        <test-method status="PASS" signature="carAgeCategoryTest(int, java.lang.String)[pri:0, instance:unittesting.parcijalni.Zadatak2@50c87b21]" name="carAgeCategoryTest" duration-ms="6" started-at="2022-03-09T16:50:58Z" data-provider="provideCarYear" finished-at="2022-03-09T16:50:58Z">
          <params>
            <param index="0">
              <value>
                <![CDATA[1918]]>
              </value>
            </param>
            <param index="1">
              <value>
                <![CDATA[Not classified]]>
              </value>
            </param>
          </params>
          <reporter-output>
          </reporter-output>
        </test-method> <!-- carAgeCategoryTest -->
        <test-method status="PASS" signature="carAgeCategoryTest(int, java.lang.String)[pri:0, instance:unittesting.parcijalni.Zadatak2@50c87b21]" name="carAgeCategoryTest" duration-ms="1" started-at="2022-03-09T16:50:58Z" data-provider="provideCarYear" finished-at="2022-03-09T16:50:58Z">
          <params>
            <param index="0">
              <value>
                <![CDATA[2022]]>
              </value>
            </param>
            <param index="1">
              <value>
                <![CDATA[Not classified]]>
              </value>
            </param>
          </params>
          <reporter-output>
          </reporter-output>
        </test-method> <!-- carAgeCategoryTest -->
        <test-method status="PASS" signature="carAgeCategoryTest(int, java.lang.String)[pri:0, instance:unittesting.parcijalni.Zadatak2@50c87b21]" name="carAgeCategoryTest" duration-ms="1" started-at="2022-03-09T16:50:58Z" data-provider="provideCarYear" finished-at="2022-03-09T16:50:58Z">
          <params>
            <param index="0">
              <value>
                <![CDATA[1919]]>
              </value>
            </param>
            <param index="1">
              <value>
                <![CDATA[Vintage Car]]>
              </value>
            </param>
          </params>
          <reporter-output>
          </reporter-output>
        </test-method> <!-- carAgeCategoryTest -->
        <test-method status="PASS" signature="carAgeCategoryTest(int, java.lang.String)[pri:0, instance:unittesting.parcijalni.Zadatak2@50c87b21]" name="carAgeCategoryTest" duration-ms="1" started-at="2022-03-09T16:50:58Z" data-provider="provideCarYear" finished-at="2022-03-09T16:50:58Z">
          <params>
            <param index="0">
              <value>
                <![CDATA[1920]]>
              </value>
            </param>
            <param index="1">
              <value>
                <![CDATA[Vintage Car]]>
              </value>
            </param>
          </params>
          <reporter-output>
          </reporter-output>
        </test-method> <!-- carAgeCategoryTest -->
        <test-method status="PASS" signature="carAgeCategoryTest(int, java.lang.String)[pri:0, instance:unittesting.parcijalni.Zadatak2@50c87b21]" name="carAgeCategoryTest" duration-ms="1" started-at="2022-03-09T16:50:58Z" data-provider="provideCarYear" finished-at="2022-03-09T16:50:58Z">
          <params>
            <param index="0">
              <value>
                <![CDATA[1929]]>
              </value>
            </param>
            <param index="1">
              <value>
                <![CDATA[Vintage Car]]>
              </value>
            </param>
          </params>
          <reporter-output>
          </reporter-output>
        </test-method> <!-- carAgeCategoryTest -->
        <test-method status="PASS" signature="carAgeCategoryTest(int, java.lang.String)[pri:0, instance:unittesting.parcijalni.Zadatak2@50c87b21]" name="carAgeCategoryTest" duration-ms="2" started-at="2022-03-09T16:50:58Z" data-provider="provideCarYear" finished-at="2022-03-09T16:50:58Z">
          <params>
            <param index="0">
              <value>
                <![CDATA[1975]]>
              </value>
            </param>
            <param index="1">
              <value>
                <![CDATA[Antique Car]]>
              </value>
            </param>
          </params>
          <reporter-output>
          </reporter-output>
        </test-method> <!-- carAgeCategoryTest -->
        <test-method status="PASS" signature="carAgeCategoryTest(int, java.lang.String)[pri:0, instance:unittesting.parcijalni.Zadatak2@50c87b21]" name="carAgeCategoryTest" duration-ms="1" started-at="2022-03-09T16:50:58Z" data-provider="provideCarYear" finished-at="2022-03-09T16:50:58Z">
          <params>
            <param index="0">
              <value>
                <![CDATA[1974]]>
              </value>
            </param>
            <param index="1">
              <value>
                <![CDATA[Antique Car]]>
              </value>
            </param>
          </params>
          <reporter-output>
          </reporter-output>
        </test-method> <!-- carAgeCategoryTest -->
        <test-method status="PASS" signature="carAgeCategoryTest(int, java.lang.String)[pri:0, instance:unittesting.parcijalni.Zadatak2@50c87b21]" name="carAgeCategoryTest" duration-ms="1" started-at="2022-03-09T16:50:58Z" data-provider="provideCarYear" finished-at="2022-03-09T16:50:58Z">
          <params>
            <param index="0">
              <value>
                <![CDATA[1990]]>
              </value>
            </param>
            <param index="1">
              <value>
                <![CDATA[Classic Car]]>
              </value>
            </param>
          </params>
          <reporter-output>
          </reporter-output>
        </test-method> <!-- carAgeCategoryTest -->
        <test-method status="PASS" signature="carAgeCategoryTest(int, java.lang.String)[pri:0, instance:unittesting.parcijalni.Zadatak2@50c87b21]" name="carAgeCategoryTest" duration-ms="0" started-at="2022-03-09T16:50:58Z" data-provider="provideCarYear" finished-at="2022-03-09T16:50:58Z">
          <params>
            <param index="0">
              <value>
                <![CDATA[1989]]>
              </value>
            </param>
            <param index="1">
              <value>
                <![CDATA[Classic Car]]>
              </value>
            </param>
          </params>
          <reporter-output>
          </reporter-output>
        </test-method> <!-- carAgeCategoryTest -->
        <test-method status="PASS" signature="carAgeCategoryTest(int, java.lang.String)[pri:0, instance:unittesting.parcijalni.Zadatak2@50c87b21]" name="carAgeCategoryTest" duration-ms="1" started-at="2022-03-09T16:50:58Z" data-provider="provideCarYear" finished-at="2022-03-09T16:50:58Z">
          <params>
            <param index="0">
              <value>
                <![CDATA[2021]]>
              </value>
            </param>
            <param index="1">
              <value>
                <![CDATA[Modern Car]]>
              </value>
            </param>
          </params>
          <reporter-output>
          </reporter-output>
        </test-method> <!-- carAgeCategoryTest -->
      </class> <!-- unittesting.parcijalni.Zadatak2 -->
    </test> <!-- Default test -->
  </suite> <!-- Default suite -->
</testng-results>
