<?xml version="1.0" encoding="UTF-8"?>
<!-- Generated by org.testng.reporters.JUnitXMLReporter -->
<testsuite hostname="tester-VirtualBox" name="Default test" tests="10" failures="0" timestamp="9 Mar 2022 15:50:58 GMT" time="0.044" errors="0">
  <testcase name="carAgeCategoryTest" time="0.006" classname="unittesting.parcijalni.Zadatak2"/>
  <testcase name="carAgeCategoryTest" time="0.001" classname="unittesting.parcijalni.Zadatak2"/>
  <testcase name="carAgeCategoryTest" time="0.001" classname="unittesting.parcijalni.Zadatak2"/>
  <testcase name="carAgeCategoryTest" time="0.001" classname="unittesting.parcijalni.Zadatak2"/>
  <testcase name="carAgeCategoryTest" time="0.001" classname="unittesting.parcijalni.Zadatak2"/>
  <testcase name="carAgeCategoryTest" time="0.002" classname="unittesting.parcijalni.Zadatak2"/>
  <testcase name="carAgeCategoryTest" time="0.001" classname="unittesting.parcijalni.Zadatak2"/>
  <testcase name="carAgeCategoryTest" time="0.001" classname="unittesting.parcijalni.Zadatak2"/>
  <testcase name="carAgeCategoryTest" time="0.0" classname="unittesting.parcijalni.Zadatak2"/>
  <testcase name="carAgeCategoryTest" time="0.001" classname="unittesting.parcijalni.Zadatak2"/>
</testsuite> <!-- Default test -->
