<?xml version="1.0" encoding="UTF-8"?>
<!-- Generated by org.testng.reporters.JUnitXMLReporter -->
<testsuite hostname="novak-ThinkPad-T420" name="final" tests="5" failures="1" timestamp="12 May 2016 17:34:56 GMT" time="0.076" errors="0">
  <testcase name="failTest" time="0.024" classname="vezbe12.group.TestGroup">
    <failure type="java.lang.AssertionError" message="expected [true] but found [false]">
      <![CDATA[java.lang.AssertionError: expected [true] but found [false]
	at vezbe12.group.TestGroup.failTest(TestGroup.java:43)
... Removed 28 stack frames]]>
    </failure>
  </testcase> <!-- failTest -->
  <testcase name="runPostgres" time="0.002" classname="vezbe12.group.TestGroup"/>
  <testcase name="runPostgres1" time="0.002" classname="vezbe12.group.TestGroup"/>
  <testcase name="testConnectMySQL" time="0.002" classname="vezbe12.group.TestGroup"/>
  <testcase name="testConnectOracle" time="0.001" classname="vezbe12.group.TestGroup"/>
</testsuite> <!-- final -->
