<?xml version="1.0" encoding="UTF-8"?>
<!-- Generated by org.testng.reporters.JUnitXMLReporter -->
<testsuite hostname="Goran-PC" name="postgres" tests="4" failures="0" timestamp="30 Jul 2016 12:37:53 GMT" time="0.106" errors="0">
  <testcase name="" time="0.035" classname="unittesting.testng.TestPostgres"/>
  <testcase name="" time="0.007" classname="unittesting.testng.TestPostgres"/>
  <testcase name="runPostgres" time="0.004" classname="unittesting.testng.TestGroup"/>
  <testcase name="runPostgres1" time="0.004" classname="unittesting.testng.TestGroup"/>
</testsuite> <!-- postgres -->
