<?xml version="1.0" encoding="UTF-8"?>
<!-- Generated by org.testng.reporters.JUnitXMLReporter -->
<testsuite hostname="Goran-PC" name="all" tests="4" failures="0" timestamp="30 Jul 2016 12:41:59 GMT" time="0.028" errors="0">
  <testcase name="runPostgres" time="0.003" classname="unittesting.testng.TestGroup"/>
  <testcase name="runPostgres1" time="0.003" classname="unittesting.testng.TestGroup"/>
  <testcase name="testConnectMySQL" time="0.003" classname="unittesting.testng.TestGroup"/>
  <testcase name="testConnectOracle" time="0.003" classname="unittesting.testng.TestGroup"/>
</testsuite> <!-- all -->
