<?xml version="1.0" encoding="UTF-8"?>
<!-- Generated by org.testng.reporters.JUnitXMLReporter -->
<testsuite hostname="tester-VirtualBox" name="Default test" tests="10" failures="0" timestamp="17 Mar 2022 10:58:31 GMT" time="11.295" errors="0">
  <testcase name="newUserRegistrationTest" time="2.17" classname="tests.ZadatakSelenium"/>
  <testcase name="loginNewUserTest" time="0.777" classname="tests.ZadatakSelenium"/>
  <testcase name="adminLoginTest" time="1.145" classname="tests.ZadatakSelenium"/>
  <testcase name="activacionNewUser" time="1.024" classname="tests.ZadatakSelenium"/>
  <testcase name="logOutTest" time="0.263" classname="tests.ZadatakSelenium"/>
  <testcase name="loginNewUserTestSecondTime" time="1.216" classname="tests.ZadatakSelenium"/>
  <testcase name="addNewExamPeriodTest" time="1.887" classname="tests.ZadatakSelenium"/>
  <testcase name="logOutSecondTimeTest" time="0.29" classname="tests.ZadatakSelenium"/>
  <testcase name="adminLoginSecondTimeTest" time="1.267" classname="tests.ZadatakSelenium"/>
  <testcase name="deleteNewUserTest" time="1.176" classname="tests.ZadatakSelenium"/>
</testsuite> <!-- Default test -->
